[2018-07-30 22:02:55] AnotherBot started service.
[2018-07-30 22:04:46] Admin checked bot uptime.
[2018-07-30 22:31:37] AnotherBot started service.
[2018-07-30 22:31:46] Admin sends a ping to the bot.
[2018-07-30 22:31:52] Admin checks bot uptime.
[2018-07-30 22:32:04] Admin sends a bot notice.
[2018-07-30 22:32:11] Tajam sends a ME to the bot.
[2018-07-30 22:32:22] Tajam sends a QUOTE to the bot.
[2018-07-30 22:32:32] Tajam sends a CUM to the bot.
[2018-07-30 22:32:40] Tajam sends a HOKAGE to the bot.
[2018-07-30 22:33:11] Tajam sends a HOKAGE to the bot.
[2018-07-30 22:33:21] Tajam request a picture upload of Admin.jpg from the bot.
[2018-07-30 22:33:25] Tajam request a picture upload of IamGay.jpg from the bot.
[2018-07-30 22:33:29] Tajam request a picture upload of Duckman.jpg from the bot.
[2018-07-30 22:33:43] Tajam request a picture upload of HueHueHue.jpg from the bot.
[2018-07-30 22:33:47] Tajam request a picture upload of NoobHai.jpg from the bot.
[2018-07-30 22:33:54] Tajam request a picture upload of HokageRock.jpg from the bot.
[2018-07-30 22:38:35] AnotherBot started service.
[2018-07-30 22:43:12] Admin checks bot uptime.
[2018-07-30 23:04:01] Admin sends a ping to the bot.
